\BOOKMARK [0][-]{chapter*.2}{\376\377\000L\000i\000s\000t\000\040\000o\000f\000\040\000T\000a\000b\000l\000e\000s}{}% 1
\BOOKMARK [0][-]{chapter*.3}{\376\377\000L\000i\000s\000t\000\040\000o\000f\000\040\000F\000i\000g\000u\000r\000e\000s}{}% 2
\BOOKMARK [0][-]{chapter.4}{\376\377\0001\000.\000\040}{}% 3
\BOOKMARK [1][-]{section.5}{\376\377\0001\000.\0001\000\040\000I\000n\000t\000r\000o\000d\000u\000c\000t\000i\000o\000n}{chapter.4}% 4
\BOOKMARK [1][-]{section.6}{\376\377\0001\000.\0002\000\040\000M\000a\000t\000e\000r\000i\000a\000l\000s\000\040\000a\000n\000d\000\040\000M\000e\000t\000h\000o\000d\000s}{chapter.4}% 5
\BOOKMARK [2][-]{subsection.7}{\376\377\0001\000.\0002\000.\0001\000\040\000S\000t\000u\000d\000y\000\040\000S\000i\000t\000e}{section.6}% 6
\BOOKMARK [2][-]{subsection.8}{\376\377\0001\000.\0002\000.\0002\000\040\000M\000o\000n\000i\000t\000o\000r\000i\000n\000g\000\040\000S\000t\000r\000a\000t\000e\000g\000y}{section.6}% 7
\BOOKMARK [2][-]{subsection.9}{\376\377\0001\000.\0002\000.\0003\000\040\000F\000i\000e\000l\000d\000\040\000E\000q\000u\000i\000p\000m\000e\000n\000t}{section.6}% 8
\BOOKMARK [2][-]{subsection.10}{\376\377\0001\000.\0002\000.\0004\000\040\000I\000m\000a\000g\000e\000\040\000A\000n\000a\000l\000y\000s\000i\000s}{section.6}% 9
\BOOKMARK [3][-]{subsubsection.11}{\376\377\0001\000.\0002\000.\0004\000.\0001\000\040\000G\000r\000i\000d\000-\000b\000a\000s\000e\000d\000\040\000C\000o\000u\000n\000t\000i\000n\000g\000\040\000M\000e\000t\000h\000o\000d}{subsection.10}% 10
\BOOKMARK [3][-]{subsubsection.12}{\376\377\0001\000.\0002\000.\0004\000.\0002\000\040\000C\000o\000u\000n\000t\000i\000n\000g\000\040\000P\000r\000o\000t\000o\000c\000o\000l}{subsection.10}% 11
\BOOKMARK [3][-]{subsubsection.13}{\376\377\0001\000.\0002\000.\0004\000.\0003\000\040\000A\000b\000u\000n\000d\000a\000n\000c\000e\000\040\000C\000a\000l\000c\000u\000l\000a\000t\000i\000o\000n}{subsection.10}% 12
\BOOKMARK [2][-]{subsection.15}{\376\377\0001\000.\0002\000.\0005\000\040\000T\000e\000m\000p\000e\000r\000a\000t\000u\000r\000e\000\040\000D\000a\000t\000a\000\040\000E\000x\000t\000r\000a\000c\000t\000i\000o\000n}{section.6}% 13
\BOOKMARK [2][-]{subsection.16}{\376\377\0001\000.\0002\000.\0006\000\040\000S\000t\000a\000t\000i\000s\000t\000i\000c\000a\000l\000\040\000A\000n\000a\000l\000y\000s\000i\000s}{section.6}% 14
\BOOKMARK [3][-]{subsubsection.17}{\376\377\0001\000.\0002\000.\0006\000.\0001\000\040\000D\000a\000t\000a\000\040\000P\000r\000e\000p\000a\000r\000a\000t\000i\000o\000n}{subsection.16}% 15
\BOOKMARK [3][-]{subsubsection.18}{\376\377\0001\000.\0002\000.\0006\000.\0002\000\040\000V\000a\000r\000i\000a\000b\000l\000e\000\040\000S\000e\000l\000e\000c\000t\000i\000o\000n}{subsection.16}% 16
\BOOKMARK [3][-]{subsubsection.19}{\376\377\0001\000.\0002\000.\0006\000.\0003\000\040\000M\000o\000d\000e\000l\000\040\000F\000r\000a\000m\000e\000w\000o\000r\000k}{subsection.16}% 17
\BOOKMARK [3][-]{subsubsection.20}{\376\377\0001\000.\0002\000.\0006\000.\0004\000\040\000M\000o\000d\000e\000l\000\040\000V\000a\000l\000i\000d\000a\000t\000i\000o\000n}{subsection.16}% 18
\BOOKMARK [3][-]{subsubsection.21}{\376\377\0001\000.\0002\000.\0006\000.\0005\000\040\000S\000t\000a\000t\000i\000s\000t\000i\000c\000a\000l\000\040\000P\000o\000w\000e\000r\000\040\000A\000n\000a\000l\000y\000s\000i\000s}{subsection.16}% 19
\BOOKMARK [3][-]{subsubsection.22}{\376\377\0001\000.\0002\000.\0006\000.\0006\000\040\000D\000y\000n\000a\000m\000i\000c\000\040\000W\000i\000n\000d\000o\000w\000\040\000A\000n\000a\000l\000y\000s\000i\000s}{subsection.16}% 20
\BOOKMARK [1][-]{section.24}{\376\377\0001\000.\0003\000\040\000R\000e\000s\000u\000l\000t\000s}{chapter.4}% 21
\BOOKMARK [2][-]{subsection.25}{\376\377\0001\000.\0003\000.\0001\000\040\000D\000e\000s\000c\000r\000i\000p\000t\000i\000v\000e\000\040\000S\000t\000a\000t\000i\000s\000t\000i\000c\000s}{section.24}% 22
\BOOKMARK [2][-]{subsection.26}{\376\377\0001\000.\0003\000.\0002\000\040\000L\000i\000n\000e\000a\000r\000\040\000R\000e\000g\000r\000e\000s\000s\000i\000o\000n\000\040\000B\000e\000t\000w\000e\000e\000n\000\040\000W\000i\000n\000d\000\040\000a\000n\000d\000\040\000C\000l\000u\000s\000t\000e\000r\000\040\000D\000y\000n\000a\000m\000i\000c\000s}{section.24}% 23
\BOOKMARK [2][-]{subsection.29}{\376\377\0001\000.\0003\000.\0003\000\040\000W\000i\000n\000d\000\040\000D\000i\000s\000r\000u\000p\000t\000i\000o\000n\000\040\000A\000n\000a\000l\000y\000s\000i\000s}{section.24}% 24
\BOOKMARK [3][-]{subsubsection.30}{\376\377\0001\000.\0003\000.\0003\000.\0001\000\040\000M\000o\000d\000e\000l\000\040\000S\000e\000l\000e\000c\000t\000i\000o\000n}{subsection.29}% 25
\BOOKMARK [3][-]{subsubsection.32}{\376\377\0001\000.\0003\000.\0003\000.\0002\000\040\000A\000n\000a\000l\000y\000s\000i\000s\000\040\000o\000f\000\040\000B\000e\000s\000t\000\040\000F\000i\000t\000\040\000M\000o\000d\000e\000l}{subsection.29}% 26
\BOOKMARK [3][-]{subsubsection.36}{\376\377\0001\000.\0003\000.\0003\000.\0003\000\040\000M\000o\000d\000e\000l\000\040\000D\000i\000a\000g\000n\000o\000s\000t\000i\000c\000s}{subsection.29}% 27
\BOOKMARK [3][-]{subsubsection.40}{\376\377\0001\000.\0003\000.\0003\000.\0004\000\040\000T\000h\000r\000e\000s\000h\000o\000l\000d\000\040\000W\000i\000n\000d\000\040\000D\000i\000s\000r\000u\000p\000t\000i\000o\000n\000\040\000A\000n\000a\000l\000y\000s\000i\000s}{subsection.29}% 28
\BOOKMARK [2][-]{subsection.43}{\376\377\0001\000.\0003\000.\0004\000\040\000S\000t\000a\000t\000i\000s\000t\000i\000c\000a\000l\000\040\000P\000o\000w\000e\000r\000\040\000t\000o\000\040\000D\000e\000t\000e\000c\000t\000\040\000W\000i\000n\000d\000\040\000E\000f\000f\000e\000c\000t\000s}{section.24}% 29
\BOOKMARK [2][-]{subsection.45}{\376\377\0001\000.\0003\000.\0005\000\040\000S\000i\000t\000e\000\040\000F\000i\000d\000e\000l\000i\000t\000y\000\040\000A\000n\000a\000l\000y\000s\000i\000s}{section.24}% 30
\BOOKMARK [3][-]{subsubsection.46}{\376\377\0001\000.\0003\000.\0005\000.\0001\000\040\000M\000o\000d\000e\000l\000\040\000S\000e\000l\000e\000c\000t\000i\000o\000n}{subsection.45}% 31
\BOOKMARK [3][-]{subsubsection.48}{\376\377\0001\000.\0003\000.\0005\000.\0002\000\040\000A\000n\000a\000l\000y\000s\000i\000s\000\040\000o\000f\000\040\000B\000e\000s\000t\000\040\000F\000i\000t\000\040\000M\000o\000d\000e\000l}{subsection.45}% 32
\BOOKMARK [3][-]{subsubsection.52}{\376\377\0001\000.\0003\000.\0005\000.\0003\000\040\000M\000o\000d\000e\000l\000\040\000D\000i\000a\000g\000n\000o\000s\000t\000i\000c\000s}{subsection.45}% 33
\BOOKMARK [2][-]{subsection.55}{\376\377\0001\000.\0003\000.\0006\000\040\000R\000o\000b\000u\000s\000t\000n\000e\000s\000s\000\040\000A\000n\000a\000l\000y\000s\000i\000s\000:\000\040\0002\0004\000-\000H\000o\000u\000r\000\040\000B\000u\000t\000t\000e\000r\000f\000l\000y\000\040\000C\000h\000a\000n\000g\000e}{section.24}% 34
\BOOKMARK [1][-]{section.58}{\376\377\0001\000.\0004\000\040\000D\000i\000s\000c\000u\000s\000s\000i\000o\000n}{chapter.4}% 35
\BOOKMARK [2][-]{subsection.59}{\376\377\0001\000.\0004\000.\0001\000\040\000E\000v\000i\000d\000e\000n\000c\000e\000\040\000A\000g\000a\000i\000n\000s\000t\000\040\000W\000i\000n\000d\000\040\000D\000i\000s\000r\000u\000p\000t\000i\000o\000n}{section.58}% 36
\BOOKMARK [2][-]{subsection.60}{\376\377\0001\000.\0004\000.\0002\000\040\000T\000h\000e\000r\000m\000o\000r\000e\000g\000u\000l\000a\000t\000i\000o\000n\000\040\000a\000s\000\040\000a\000n\000\040\000A\000l\000t\000e\000r\000n\000a\000t\000i\000v\000e\000\040\000E\000x\000p\000l\000a\000n\000a\000t\000i\000o\000n}{section.58}% 37
\BOOKMARK [2][-]{subsection.61}{\376\377\0001\000.\0004\000.\0003\000\040\000L\000i\000m\000i\000t\000a\000t\000i\000o\000n\000s\000\040\000a\000n\000d\000\040\000C\000o\000n\000t\000e\000x\000t}{section.58}% 38
\BOOKMARK [2][-]{subsection.62}{\376\377\0001\000.\0004\000.\0004\000\040\000I\000m\000p\000l\000i\000c\000a\000t\000i\000o\000n\000s\000\040\000f\000o\000r\000\040\000C\000o\000n\000s\000e\000r\000v\000a\000t\000i\000o\000n}{section.58}% 39
\BOOKMARK [3][-]{subsubsection.63}{\376\377\0001\000.\0004\000.\0004\000.\0001\000\040\000E\000x\000p\000a\000n\000d\000e\000d\000\040\000H\000a\000b\000i\000t\000a\000t\000\040\000A\000v\000a\000i\000l\000a\000b\000i\000l\000i\000t\000y\000\040\000a\000n\000d\000\040\000P\000o\000p\000u\000l\000a\000t\000i\000o\000n\000\040\000L\000i\000m\000i\000t\000a\000t\000i\000o\000n\000s}{subsection.62}% 40
\BOOKMARK [3][-]{subsubsection.64}{\376\377\0001\000.\0004\000.\0004\000.\0002\000\040\000S\000i\000m\000p\000l\000i\000f\000i\000e\000d\000\040\000M\000a\000n\000a\000g\000e\000m\000e\000n\000t\000\040\000R\000e\000q\000u\000i\000r\000e\000m\000e\000n\000t\000s}{subsection.62}% 41
\BOOKMARK [3][-]{subsubsection.65}{\376\377\0001\000.\0004\000.\0004\000.\0003\000\040\000P\000r\000o\000a\000c\000t\000i\000v\000e\000\040\000H\000a\000b\000i\000t\000a\000t\000\040\000C\000r\000e\000a\000t\000i\000o\000n\000\040\000T\000h\000r\000o\000u\000g\000h\000\040\000C\000a\000n\000o\000p\000y\000\040\000M\000a\000n\000a\000g\000e\000m\000e\000n\000t}{subsection.62}% 42
\BOOKMARK [3][-]{subsubsection.66}{\376\377\0001\000.\0004\000.\0004\000.\0004\000\040\000L\000o\000n\000g\000-\000t\000e\000r\000m\000\040\000O\000p\000t\000i\000m\000i\000s\000m\000\040\000D\000e\000s\000p\000i\000t\000e\000\040\000C\000u\000r\000r\000e\000n\000t\000\040\000U\000n\000c\000e\000r\000t\000a\000i\000n\000t\000y}{subsection.62}% 43
\BOOKMARK [2][-]{subsection.67}{\376\377\0001\000.\0004\000.\0005\000\040\000F\000u\000t\000u\000r\000e\000\040\000R\000e\000s\000e\000a\000r\000c\000h\000\040\000D\000i\000r\000e\000c\000t\000i\000o\000n\000s}{section.58}% 44
\BOOKMARK [2][-]{subsection.68}{\376\377\0001\000.\0004\000.\0006\000\040\000C\000o\000n\000c\000l\000u\000s\000i\000o\000n\000s}{section.58}% 45
\BOOKMARK [0][-]{chapter*.69}{\376\377\000R\000E\000F\000E\000R\000E\000N\000C\000E\000S}{}% 46
